"../../../Engine/Content/Functions/Engine_MaterialFunctions01/Texturing/FlattenNormal.uasset" 0
"../../../Engine/Content/EngineMaterials/BlendFunc_DefBase.uasset" 1
"../../../Engine/Content/EngineMaterials/BlendFunc_DefBlend.uasset" 2
"../../../Engine/Content/Functions/Engine_MaterialFunctions03/Blends/Blend_Overlay.uasset" 3
"../../../Engine/Content/EngineVolumetrics/Fogsheet/Materials/T_EV_BlankWhite_01.uasset" 4
"D:/UNREAL/BattleTanks/Content/MSPresets/MSTextures/Albedo.uasset" 5
"D:/UNREAL/BattleTanks/Content/MSPresets/MSTextures/Normal.uasset" 6
"D:/UNREAL/BattleTanks/Content/MSPresets/MSTextures/Roughness.uasset" 7
"D:/UNREAL/BattleTanks/Content/MSPresets/MS_DefaultMaterial/MS_DefaultMaterial.uasset" 8
"D:/UNREAL/BattleTanks/Content/Megascans/Surfaces/Broken_Bricks_2x2_M_00/ufoieaklw_2K_Albedo.uasset" 9
"D:/UNREAL/BattleTanks/Content/Megascans/Surfaces/Broken_Bricks_2x2_M_00/ufoieaklw_2K_Normal.uasset" 10
"D:/UNREAL/BattleTanks/Content/Megascans/Surfaces/Broken_Bricks_2x2_M_00/ufoieaklw_2K_Roughness.uasset" 11
"D:/UNREAL/BattleTanks/Content/Megascans/Surfaces/Broken_Bricks_2x2_M_00/Broken_Bricks_2x2_M_00_inst.uasset" 12
"D:/UNREAL/BattleTanks/Content/Megascans/Surfaces/Broken_Bricks_2x2_M_00/ufoieaklw_2K_AO.uasset" 13
"D:/UNREAL/BattleTanks/Content/Megascans/Surfaces/Broken_Bricks_2x2_M_00/ufoieaklw_2K_Displacement.uasset" 14
"D:/UNREAL/BattleTanks/Content/Megascans/Surfaces/Lawn_Grass_00/tkynejer_2K_Albedo.uasset" 15
"D:/UNREAL/BattleTanks/Content/Megascans/Surfaces/Lawn_Grass_00/tkynejer_2K_Normal.uasset" 16
"D:/UNREAL/BattleTanks/Content/Megascans/Surfaces/Lawn_Grass_00/tkynejer_2K_Roughness.uasset" 17
"D:/UNREAL/BattleTanks/Content/Megascans/Surfaces/Lawn_Grass_00/Lawn_Grass_00_inst.uasset" 18
"D:/UNREAL/BattleTanks/Content/Megascans/Surfaces/Lawn_Grass_00/tkynejer_2K_AO.uasset" 19
"D:/UNREAL/BattleTanks/Content/Megascans/Surfaces/Lawn_Grass_00/tkynejer_2K_Displacement.uasset" 20
"D:/UNREAL/BattleTanks/Content/Megascans/Surfaces/Quarry_Ground_Gravel_00/ubnmcc0cw_2K_Albedo.uasset" 21
"D:/UNREAL/BattleTanks/Content/Megascans/Surfaces/Quarry_Ground_Gravel_00/ubnmcc0cw_2K_Normal.uasset" 22
"D:/UNREAL/BattleTanks/Content/Megascans/Surfaces/Quarry_Ground_Gravel_00/ubnmcc0cw_2K_Roughness.uasset" 23
"D:/UNREAL/BattleTanks/Content/Megascans/Surfaces/Quarry_Ground_Gravel_00/Quarry_Ground_Gravel_00_inst.uasset" 24
"D:/UNREAL/BattleTanks/Content/Megascans/Surfaces/Quarry_Ground_Gravel_00/ubnmcc0cw_2K_AO.uasset" 25
"D:/UNREAL/BattleTanks/Content/Megascans/Surfaces/Quarry_Ground_Gravel_00/ubnmcc0cw_2K_Displacement.uasset" 26
"D:/UNREAL/BattleTanks/Content/MSPresets/MSTextures/AO.uasset" 27
"D:/UNREAL/BattleTanks/Content/MSPresets/MSTextures/Displacement.uasset" 28
"D:/UNREAL/BattleTanks/Content/MSPresets/MSTextures/Metalness.uasset" 29
"D:/UNREAL/BattleTanks/Content/MSPresets/MSTextures/noise_mask.uasset" 30
"D:/UNREAL/BattleTanks/Content/MSPresets/MSTextures/noise_normal.uasset" 31
"D:/UNREAL/BattleTanks/Content/_GODTIER/UI/PlayerHUD.uasset" 32
"D:/UNREAL/BattleTanks/Content/_GODTIER/Blueprints/BP_TankController.uasset" 33
"D:/UNREAL/BattleTanks/Content/_GODTIER/Models/Tank/tank_fbx_Barrel.uasset" 34
"D:/UNREAL/BattleTanks/Content/_GODTIER/Models/Tank/tank_fbx_Track.uasset" 35
"D:/UNREAL/BattleTanks/Content/_GODTIER/Models/Tank/tank_fbx_Turret.uasset" 36
"D:/UNREAL/BattleTanks/Content/_GODTIER/Models/Tank/tank_fbx_Body.uasset" 37
"D:/UNREAL/BattleTanks/Content/_GODTIER/Blueprints/Pawns/BP_Tank.uasset" 38
"D:/UNREAL/BattleTanks/Content/_GODTIER/Blueprints/BP_TankGameMode.uasset" 39
"../../../Engine/Content/Animation/DefaultAnimCurveCompressionSettings.uasset" 40
"../../../Engine/Content/Functions/Engine_MaterialFunctions01/Opacity/CameraDepthFade.uasset" 41
"../../../Engine/Content/EngineMaterials/T_Default_Material_Grid_M.uasset" 42
"../../../Engine/Content/EngineMaterials/T_Default_Material_Grid_N.uasset" 43
"../../../Engine/Content/EngineMaterials/WorldGridMaterial.uasset" 44
"../../../Engine/Content/ArtTools/RenderToTexture/Meshes/S_1_Unit_Plane.uasset" 45
"../../../Engine/Content/EngineMaterials/DefaultMaterial.uasset" 46
"../../../Engine/Content/BasicShapes/Cone.uasset" 47
"../../../Engine/Content/BasicShapes/Cube.uasset" 48
"../../../Engine/Content/BasicShapes/Cylinder.uasset" 49
"../../../Engine/Content/BasicShapes/Plane.uasset" 50
"../../../Engine/Content/BasicShapes/Sphere.uasset" 51
"../../../Engine/Content/EditorLandscapeResources/DataLayer.uasset" 52
"../../../Engine/Content/EditorMaterials/MAT_Groups_Toggle.uasset" 53
"../../../Engine/Content/EditorMaterials/MAT_Groups_Visibility.uasset" 54
"../../../Engine/Content/EditorMaterials/PreviewShadowIndicator.uasset" 55
"../../../Engine/Content/EditorMaterials/PreviewShadowIndicatorMaterial.uasset" 56
"../../../Engine/Content/EditorMaterials/MatineeGroups/MAT_ColorTrack.uasset" 57
"../../../Engine/Content/EditorMaterials/MatineeGroups/MAT_Groups_Anim.uasset" 58
"../../../Engine/Content/EditorMaterials/MatineeGroups/MAT_Groups_AudioMaster.uasset" 59
"../../../Engine/Content/EditorMaterials/MatineeGroups/MAT_Groups_Director.uasset" 60
"../../../Engine/Content/EditorMaterials/MatineeGroups/MAT_Groups_Event.uasset" 61
"../../../Engine/Content/EditorMaterials/MatineeGroups/MAT_Groups_Fade.uasset" 62
"../../../Engine/Content/EditorMaterials/MatineeGroups/MAT_Groups_Float.uasset" 63
"../../../Engine/Content/EditorMaterials/MatineeGroups/MAT_Groups_Move.uasset" 64
"../../../Engine/Content/EditorMaterials/MatineeGroups/MAT_Groups_Slomo.uasset" 65
"../../../Engine/Content/EditorMaterials/MatineeGroups/MAT_Groups_Sound.uasset" 66
"../../../Engine/Content/EditorMaterials/MatineeGroups/MAT_Groups_Vector.uasset" 67
"../../../Engine/Content/EditorMaterials/ParticleSystems/PSysThumbnail_NoImage.uasset" 68
"../../../Engine/Content/EditorMaterials/ParticleSystems/PSysThumbnail_OOD.uasset" 69
"../../../Engine/Content/EditorMaterials/Camera/CineMat.uasset" 70
"../../../Engine/Content/EditorMaterials/Camera/MI_CineMat_Rig.uasset" 71
"../../../Engine/Content/EditorMeshes/Camera/SM_CraneRig_Arm.uasset" 72
"../../../Engine/Content/EditorMeshes/Camera/SM_CraneRig_Base.uasset" 73
"../../../Engine/Content/EditorMeshes/Camera/SM_CraneRig_Body.uasset" 74
"../../../Engine/Content/EditorMeshes/Camera/SM_CraneRig_Mount.uasset" 75
"../../../Engine/Content/EditorMeshes/Camera/SM_RailRig_Mount.uasset" 76
"../../../Engine/Content/EditorMeshes/Camera/SM_RailRig_Track.uasset" 77
"../../../Engine/Content/EditorResources/BSPVertex.uasset" 78
"../../../Engine/Content/EditorResources/EmptyActor.uasset" 79
"../../../Engine/Content/EditorResources/S_Actor.uasset" 80
"../../../Engine/Content/EditorResources/S_Note.uasset" 81
"../../../Engine/Content/EditorResources/S_Solver.uasset" 82
"../../../Engine/Content/EditorResources/S_Trigger.uasset" 83
"../../../Engine/Content/EditorResources/LightIcons/S_LightError.uasset" 84
"../../../Engine/Content/EditorResources/SequenceRecorder/Countdown.uasset" 85
"../../../Engine/Content/EditorResources/SequenceRecorder/RecordingIndicator.uasset" 86
"../../../Engine/Content/EditorSounds/Notifications/CompileFailed.uasset" 87
"../../../Engine/Content/EditorSounds/Notifications/CompileFailed_Cue.uasset" 88
"../../../Engine/Content/EditorSounds/Notifications/CompileSuccess.uasset" 89
"../../../Engine/Content/EditorSounds/Notifications/CompileStart_Cue.uasset" 90
"../../../Engine/Content/EditorSounds/Notifications/CompileSuccess_Cue.uasset" 91
"../../../Engine/Content/EngineDamageTypes/DmgTypeBP_Environmental.uasset" 92
"../../../Engine/Content/EngineDebugMaterials/DebugEditorMaterial.uasset" 93
"../../../Engine/Content/EngineDebugMaterials/DebugMeshMaterial.uasset" 94
"../../../Engine/Content/EngineDebugMaterials/M_SimpleUnlitTranslucent.uasset" 95
"../../../Engine/Content/Functions/Engine_MaterialFunctions02/Utility/CameraDirectionVector.uasset" 96
"../../../Engine/Content/EngineDebugMaterials/VolumeToRender.uasset" 97
"../../../Engine/Content/EngineDebugMaterials/M_VolumeRenderSphereTracePP.uasset" 98
"../../../Engine/Content/EngineDebugMaterials/WireframeMaterial.uasset" 99
"../../../Engine/Content/EngineFonts/Faces/DroidSansFallback.uasset" 100
"../../../Engine/Content/EngineFonts/Faces/RobotoBold.uasset" 101
"../../../Engine/Content/EngineFonts/Faces/RobotoBoldItalic.uasset" 102
"../../../Engine/Content/EngineFonts/Faces/RobotoItalic.uasset" 103
"../../../Engine/Content/EngineFonts/Faces/RobotoLight.uasset" 104
"../../../Engine/Content/EngineFonts/Faces/RobotoRegular.uasset" 105
"../../../Engine/Content/EngineFonts/Roboto.uasset" 106
"../../../Engine/Content/EngineMaterials/BaseFlattenDiffuseMap.uasset" 107
"../../../Engine/Content/EngineMaterials/BaseFlattenEmissiveMap.uasset" 108
"../../../Engine/Content/EngineMaterials/BaseFlattenGrayscaleMap.uasset" 109
"../../../Engine/Content/EngineMaterials/BaseFlattenNormalMap.uasset" 110
"../../../Engine/Content/EngineMaterials/BaseFlattenMaterial.uasset" 111
"../../../Engine/Content/EngineMaterials/BlueNoise.uasset" 112
"../../../Engine/Content/EngineMaterials/DefaultBloomKernel.uasset" 113
"../../../Engine/Content/EngineMaterials/DefaultBokeh.uasset" 114
"../../../Engine/Content/EngineMaterials/DefaultDiffuse.uasset" 115
"../../../Engine/Content/EngineMaterials/DefaultDeferredDecalMaterial.uasset" 116
"../../../Engine/Content/EngineMaterials/DefaultLightFunctionMaterial.uasset" 117
"../../../Engine/Content/Functions/Engine_MaterialFunctions02/Utility/BreakOutFloat2Components.uasset" 118
"../../../Engine/Content/EngineMaterials/DefaultPostProcessMaterial.uasset" 119
"../../../Engine/Content/EngineFonts/RobotoDistanceField.uasset" 120
"../../../Engine/Content/EngineMaterials/DefaultTextMaterialOpaque.uasset" 121
"../../../Engine/Content/EngineMaterials/DefaultWhiteGrid.uasset" 122
"../../../Engine/Content/EngineMaterials/DefaultWhiteGrid_Low.uasset" 123
"../../../Engine/Content/EngineMaterials/EmissiveMeshMaterial.uasset" 124
"../../../Engine/Content/EngineMaterials/GizmoMaterial.uasset" 125
"../../../Engine/Content/EngineMaterials/Good64x64TilingNoiseHighFreq.uasset" 126
"../../../Engine/Content/EngineMaterials/MiniFont.uasset" 127
"../../../Engine/Content/EngineMaterials/InvalidLightmapSettings.uasset" 128
"../../../Engine/Content/EngineMaterials/M_InvalidLightmapSettings.uasset" 129
"../../../Engine/Content/Functions/Engine_MaterialFunctions02/WorldPositionOffset/CameraOffset.uasset" 130
"../../../Engine/Content/EngineMaterials/PhAT_JointLimitMaterial.uasset" 131
"../../../Engine/Content/EngineMaterials/PreintegratedSkinBRDF.uasset" 132
"../../../Engine/Content/EngineMaterials/RemoveSurfaceMaterial.uasset" 133
"../../../Engine/Content/EngineResources/WhiteSquareTexture.uasset" 134
"../../../Engine/Content/EngineMaterials/Widget3DPassThrough.uasset" 135
"../../../Engine/Content/EngineMaterials/Widget3DPassThrough_Masked.uasset" 136
"../../../Engine/Content/EngineMaterials/Widget3DPassThrough_Opaque.uasset" 137
"../../../Engine/Content/EngineMaterials/Widget3DPassThrough_Masked_OneSided.uasset" 138
"../../../Engine/Content/EngineMaterials/Widget3DPassThrough_Opaque_OneSided.uasset" 139
"../../../Engine/Content/EngineMaterials/Widget3DPassThrough_Translucent.uasset" 140
"../../../Engine/Content/EngineMaterials/Widget3DPassThrough_Translucent_OneSided.uasset" 141
"../../../Engine/Content/EngineMeshes/Cylinder.uasset" 142
"../../../Engine/Content/EngineMeshes/Sphere.uasset" 143
"../../../Engine/Content/EngineResources/Black.uasset" 144
"../../../Engine/Content/EngineResources/DefaultTexture.uasset" 145
"../../../Engine/Content/EngineResources/DefaultTextureCube.uasset" 146
"../../../Engine/Content/EngineResources/DefaultVolumeTexture2D.uasset" 147
"../../../Engine/Content/EngineResources/DefaultVolumeTexture.uasset" 148
"../../../Engine/Content/EngineResources/GradientTexture0.uasset" 149
"../../../Engine/Content/EngineSounds/Master.uasset" 150
"../../../Engine/Content/Functions/Engine_MaterialFunctions01/Shading/ConvertFromDiffSpec.uasset" 151
"../../../Engine/Content/Functions/Engine_MaterialFunctions01/Shading/PowerToRoughness.uasset" 152
"../../../Engine/Content/Maps/Templates/Thumbnails/Default.uasset" 153
"../../../Engine/Content/Maps/Templates/Thumbnails/TimeOfDay.uasset" 154
"../../../Engine/Content/Maps/Templates/Thumbnails/VR-Basic.uasset" 155
"../../../Engine/Content/MobileResources/T_MobileControls_texture.uasset" 156
"../../../Engine/Content/MobileResources/T_MobileMenu2.uasset" 157
"../../../Engine/Content/MobileResources/HUD/AnalogHat.uasset" 158
"../../../Engine/Content/MobileResources/HUD/VirtualJoystick_Background.uasset" 159
"../../../Engine/Content/MobileResources/HUD/VirtualJoystick_Thumb.uasset" 160
"../../../Engine/Content/MobileResources/HUD/DefaultVirtualJoysticks.uasset" 161
"../../../Engine/Content/MobileResources/HUD/LeftVirtualJoystickOnly.uasset" 162
"../../../Engine/Content/MobileResources/HUD/MobileHUDButton1_off.uasset" 163
"../../../Engine/Content/MobileResources/HUD/MobileHUDButton1_on.uasset" 164
"../../../Engine/Content/MobileResources/HUD/MobileHUDButton2_off.uasset" 165
"../../../Engine/Content/MobileResources/HUD/MobileHUDButton2_on.uasset" 166
"../../../Engine/Content/MobileResources/HUD/MobileHUDButton3.uasset" 167
"../../../Engine/Content/MobileResources/HUD/MobileHUDButtonFire.uasset" 168
"../../../Engine/Content/MobileResources/HUD/MobileHUDDirectionPad.uasset" 169
"../../../Engine/Content/MobileResources/HUD/MobileHUDDirectionPad2.uasset" 170
"../../../Engine/Content/MobileResources/HUD/MobileHUDDirectionPad3.uasset" 171
"../../../Engine/Content/MobileResources/HUD/MobileHUDDirectionStick.uasset" 172
"../../../Engine/Content/MobileResources/HUD/T_Castle_ThumbstickInner.uasset" 173
"../../../Engine/Content/MobileResources/HUD/T_Castle_ThumbstickOutter.uasset" 174
"../../../Engine/Content/Tutorial/ContentIntroCurve.uasset" 175
"../../../Engine/Content/Tutorial/Basics/LevelEditorAttract.uasset" 176
"../../../Engine/Content/Tutorial/Basics/TutorialAssets/icon_tab_Levels_40x.uasset" 177
"../../../Engine/Content/Tutorial/Basics/LevelEditorOverview.uasset" 178
"../../../Engine/Content/Tutorial/Mobile/TutorialAssets/IOS.uasset" 179
"../../../Engine/Content/Tutorial/Mobile/InstallingiTunesTutorial.uasset" 180
"../../../Engine/Content/Tutorial/Mobile/TutorialAssets/android_Icon.uasset" 181
"../../../Engine/Content/Tutorial/Mobile/SettingUpAndroidTutorial.uasset" 182
"../../../Engine/Content/VREditor/LaserPointer/VR_LaserPower_01.uasset" 183
"../../../Engine/Content/VREditor/TransformGizmo/TransformGizmoMaterial.uasset" 184
"../../../Engine/Content/VREditor/TransformGizmo/TranslucentTransformGizmoMaterial.uasset" 185
"../../../Engine/Content/VREditor/TransformGizmo/BoundingBoxCorner.uasset" 186
"../../../Engine/Content/VREditor/TransformGizmo/BoundingBoxEdge.uasset" 187
"../../../Engine/Content/VREditor/TransformGizmo/PlaneTranslationHandle.uasset" 188
"../../../Engine/Content/VREditor/TransformGizmo/Main.uasset" 189
"../../../Engine/Content/VREditor/TransformGizmo/Xray.uasset" 190
"../../../Engine/Content/VREditor/TransformGizmo/SM_Sequencer_Key.uasset" 191
"../../../Engine/Content/VREditor/TransformGizmo/SM_Sequencer_Node.uasset" 192
"../../Plugins/2D/Paper2D/Content/PlaceholderTextures/DummySpriteTexture.uasset" 193
"../../Plugins/2D/Paper2D/Content/DummySprite.uasset" 194
"../../Plugins/2D/Paper2D/Content/DefaultPaperTerrainMaterial.uasset" 195
"../../Plugins/2D/Paper2D/Content/DefaultSpriteMaterial.uasset" 196
"../../Plugins/2D/Paper2D/Content/MaskedUnlitSpriteMaterial.uasset" 197
"../../Plugins/2D/Paper2D/Content/OpaqueUnlitSpriteMaterial.uasset" 198
"../../Plugins/FX/Niagara/Content/Enums/ENiagaraBooleanLogicOps.uasset" 199
"../../Plugins/FX/Niagara/Content/Enums/ENiagaraCoordinateSpace.uasset" 200
"../../Plugins/FX/Niagara/Content/Enums/ENiagaraExpansionMode.uasset" 201
"../../Plugins/FX/Niagara/Content/Enums/ENiagaraOrientationAxis.uasset" 202
"../../Plugins/FX/Niagara/Content/Enums/ENiagaraRandomnessMode.uasset" 203
"../../../Engine/Content/Functions/Engine_MaterialFunctions02/Utility/BreakOutFloat4Components.uasset" 204
"../../../Engine/Content/Functions/Engine_MaterialFunctions02/Utility/MakeFloat2.uasset" 205
"../../../Engine/Content/Functions/Engine_MaterialFunctions02/Utility/MakeFloat3.uasset" 206
"../../Plugins/Runtime/Oculus/OculusVR/Content/Materials/OculusMR_ChromaKey.uasset" 207
"../../Plugins/Runtime/Oculus/OculusVR/Content/Materials/OculusMR_ChromaKey_Lit.uasset" 208
"../../Plugins/Runtime/Oculus/OculusVR/Content/Materials/OculusMR_OpaqueColoredMaterial.uasset" 209
"../../Plugins/Runtime/Oculus/OculusVR/Content/Materials/OculusMR_WhiteMaterial.uasset" 210
"D:/UNREAL/BattleTanks/Content/_GODTIER/Blueprints/BP_MainMenu.uasset" 211
"D:/UNREAL/BattleTanks/Content/_GODTIER/Fonts/Battleground.uasset" 212
"D:/UNREAL/BattleTanks/Content/_GODTIER/Fonts/Battleground_Font.uasset" 213
"D:/UNREAL/BattleTanks/Content/_GODTIER/Textures/28582d25-03bb-4f1a-b739-d6d2746cc009.uasset" 214
"D:/UNREAL/BattleTanks/Content/_GODTIER/UI/MainMenu.uasset" 215
"D:/UNREAL/BattleTanks/Content/Maps/MainMenu.umap" 216
"../../../Engine/Content/EditorBlueprintResources/StandardMacros.uasset" 217
"../../../Engine/Content/EngineSky/C_Sky_Cloud_Color.uasset" 218
"../../../Engine/Content/EngineSky/C_Sky_Horizon_Color.uasset" 219
"../../../Engine/Content/EngineSky/C_Sky_Zenith_Color.uasset" 220
"../../../Engine/Content/EngineSky/T_Sky_Blue.uasset" 221
"../../../Engine/Content/EngineSky/T_Sky_Clouds_M.uasset" 222
"../../../Engine/Content/EngineSky/T_Sky_Stars.uasset" 223
"../../../Engine/Content/EngineSky/M_Sky_Panning_Clouds2.uasset" 224
"../../../Engine/Content/EngineSky/SM_SkySphere.uasset" 225
"../../../Engine/Content/EngineSky/BP_Sky_Sphere.uasset" 226
"D:/UNREAL/BattleTanks/Content/Maps/Sandbox_sharedassets/Dirt_LayerInfo.uasset" 227
"D:/UNREAL/BattleTanks/Content/Maps/Sandbox_sharedassets/Grass_LayerInfo.uasset" 228
"D:/UNREAL/BattleTanks/Content/Maps/Sandbox_BuiltData.uasset" 229
"../../../Engine/Content/EngineMaterials/WeightMapPlaceholderTexture.uasset" 230
"D:/UNREAL/BattleTanks/Content/_GODTIER/Materials/Landscape_01.uasset" 231
"../../../Engine/Content/EngineMaterials/DefaultPhysicalMaterial.uasset" 232
"D:/UNREAL/BattleTanks/Content/Maps/Sandbox.umap" 233
"../../../Engine/Content/Maps/Entry_BuiltData.uasset" 234
"../../../Engine/Content/Maps/Entry.umap" 235
